mode: atomic
github.com/Ali-Farhadnia/LeitnerBoxCore/service/service.go:11.78,15.16 4 14
github.com/Ali-Farhadnia/LeitnerBoxCore/service/service.go:18.2,20.16 3 14
github.com/Ali-Farhadnia/LeitnerBoxCore/service/service.go:23.2,23.21 1 13
github.com/Ali-Farhadnia/LeitnerBoxCore/service/service.go:15.16,17.3 1 0
github.com/Ali-Farhadnia/LeitnerBoxCore/service/service.go:20.16,22.3 1 1
github.com/Ali-Farhadnia/LeitnerBoxCore/service/service.go:25.66,27.16 2 2
github.com/Ali-Farhadnia/LeitnerBoxCore/service/service.go:30.2,32.32 2 1
github.com/Ali-Farhadnia/LeitnerBoxCore/service/service.go:38.2,38.25 1 1
github.com/Ali-Farhadnia/LeitnerBoxCore/service/service.go:27.16,29.3 1 1
github.com/Ali-Farhadnia/LeitnerBoxCore/service/service.go:32.32,33.20 1 1
github.com/Ali-Farhadnia/LeitnerBoxCore/service/service.go:33.20,35.4 1 1
github.com/Ali-Farhadnia/LeitnerBoxCore/service/service.go:40.68,43.16 2 3
github.com/Ali-Farhadnia/LeitnerBoxCore/service/service.go:46.2,48.16 3 2
github.com/Ali-Farhadnia/LeitnerBoxCore/service/service.go:52.2,52.12 1 1
github.com/Ali-Farhadnia/LeitnerBoxCore/service/service.go:43.16,45.3 1 1
github.com/Ali-Farhadnia/LeitnerBoxCore/service/service.go:48.16,50.3 1 1
github.com/Ali-Farhadnia/LeitnerBoxCore/service/service.go:54.67,56.16 2 3
github.com/Ali-Farhadnia/LeitnerBoxCore/service/service.go:59.2,61.16 3 2
github.com/Ali-Farhadnia/LeitnerBoxCore/service/service.go:65.2,65.12 1 1
github.com/Ali-Farhadnia/LeitnerBoxCore/service/service.go:56.16,58.3 1 1
github.com/Ali-Farhadnia/LeitnerBoxCore/service/service.go:61.16,63.3 1 1
github.com/Ali-Farhadnia/LeitnerBoxCore/service/service.go:67.71,69.16 2 2
github.com/Ali-Farhadnia/LeitnerBoxCore/service/service.go:72.2,72.12 1 1
github.com/Ali-Farhadnia/LeitnerBoxCore/service/service.go:69.16,71.3 1 1
github.com/Ali-Farhadnia/LeitnerBoxCore/service/service.go:74.64,76.16 2 2
github.com/Ali-Farhadnia/LeitnerBoxCore/service/service.go:79.2,79.12 1 1
github.com/Ali-Farhadnia/LeitnerBoxCore/service/service.go:76.16,78.3 1 1
